This is XeTeX, Version 3.141592653-2.6-0.999994 (TeX Live 2022) (preloaded format=xelatex 2023.2.18)  18 FEB 2023 09:51
entering extended mode
 restricted \write18 enabled.
 %&-line parsing enabled.
**poster.tex
(c:/texlive/2022/texmf-dist/tex/generic/poster-mac/poster.tex
LaTeX2e <2022-11-01> patch level 1
L3 programming layer <2023-02-07>   v1.1  10/05/15  <tvz>
\@posterbox=\box51
\poster@savedbox=\box52
\poster@cropbox=\box53
)
*xelatex poster.tex

! LaTeX Error: Missing \begin{document}.

See the LaTeX manual or LaTeX Companion for explanation.
Type  H <return>  for immediate help.
 ...                                              
                                                  
<*> x
     elatex poster.tex
? 
Missing character: There is no x ("78) in font nullfont!
Missing character: There is no e ("65) in font nullfont!
Missing character: There is no l ("6C) in font nullfont!
Missing character: There is no a ("61) in font nullfont!
Missing character: There is no t ("74) in font nullfont!
Missing character: There is no e ("65) in font nullfont!
Missing character: There is no x ("78) in font nullfont!
Missing character: There is no p ("70) in font nullfont!
Missing character: There is no o ("6F) in font nullfont!
Missing character: There is no s ("73) in font nullfont!
Missing character: There is no t ("74) in font nullfont!
Missing character: There is no e ("65) in font nullfont!
Missing character: There is no r ("72) in font nullfont!
Missing character: There is no . ("2E) in font nullfont!
Missing character: There is no t ("74) in font nullfont!
Missing character: There is no e ("65) in font nullfont!
Missing character: There is no x ("78) in font nullfont!

*

Overfull \hbox (20.0pt too wide) detected at line 0
[]
 []

(Please type a command or say `\end')
*
(Please type a command or say `\end')
*≘q
! Interruption.
<*> 
    ≘q
? q
OK, entering \batchmode...

! LaTeX Error: Missing \begin{document}.

See the LaTeX manual or LaTeX Companion for explanation.
Type  H <return>  for immediate help.
 ...                                              
                                                  
<*> ≘
     q
You're in trouble here.  Try typing  <return>  to proceed.
If that doesn't work, type  X <return>  to quit.

Missing character: There is no ≘ ("2258) in font nullfont!
Missing character: There is no q ("71) in font nullfont!
! Emergency stop.
<*> ≘q
      
*** (job aborted, no legal \end found)

 
Here is how much of TeX's memory you used:
 76 strings out of 476688
 1227 string characters out of 5807699
 1842001 words of memory out of 5000000
 20419 multiletter control sequences out of 15000+600000
 512287 words of font info for 32 fonts, out of 8000000 for 9000
 1348 hyphenation exceptions out of 8191
 12i,0n,12p,90b,14s stack positions out of 10000i,1000n,20000p,200000b,200000s
No pages of output.
